<?xml version="1.0" encoding="UTF-8"?>
<!-- Generated by org.testng.reporters.JUnitReportReporter -->
<testsuite hostname="Tarun_Rathore" failures="0" tests="1" name="com.httpsMethods.A_05_DeleteMethod" time="2.303" errors="0" timestamp="2024-12-26T16:15:23 IST" skipped="0">
  <testcase classname="com.httpsMethods.A_05_DeleteMethod" name="testMethod06" time="2.303"/>
  <system-out/>
</testsuite> <!-- com.httpsMethods.A_05_DeleteMethod -->
