<?xml version="1.0" encoding="UTF-8"?>
<!-- Generated by org.testng.reporters.JUnitReportReporter -->
<testsuite hostname="Tarun_Rathore" failures="0" tests="2" name="com.httpsMethods.A_01_GetMethod" time="2.994" errors="0" timestamp="2024-12-26T14:46:22 IST" skipped="0">
  <testcase classname="com.httpsMethods.A_01_GetMethod" name="test02" time="0.244"/>
  <system-out/>
  <testcase classname="com.httpsMethods.A_01_GetMethod" name="test01" time="2.750"/>
  <system-out/>
</testsuite> <!-- com.httpsMethods.A_01_GetMethod -->
