<?xml version="1.0" encoding="UTF-8"?>
<!-- Generated by org.testng.reporters.JUnitReportReporter -->
<testsuite hostname="Tarun_Rathore" failures="0" tests="1" name="com.tarun.A_01_GetRequest" time="2.280" errors="0" timestamp="2024-12-26T11:58:18 IST" skipped="0">
  <testcase classname="com.tarun.A_01_GetRequest" name="testCase01" time="2.280"/>
  <system-out/>
</testsuite> <!-- com.tarun.A_01_GetRequest -->
