<?xml version="1.0" encoding="UTF-8"?>
<!-- Generated by org.testng.reporters.JUnitReportReporter -->
<testsuite hostname="Tarun_Rathore" failures="0" tests="1" name="com.tarun06.A_01_ValidateJSONResponseBody" time="2.573" errors="0" timestamp="2024-12-27T13:51:56 IST" skipped="0">
  <testcase classname="com.tarun06.A_01_ValidateJSONResponseBody" name="userListResponseBody" time="2.573"/>
  <system-out/>
</testsuite> <!-- com.tarun06.A_01_ValidateJSONResponseBody -->
