<?xml version="1.0" encoding="UTF-8"?>
<!-- Generated by org.testng.reporters.JUnitReportReporter -->
<testsuite hostname="Tarun_Rathore" failures="0" tests="1" name="com.httpsMethods.A_04_PatchMethod" time="2.404" errors="0" timestamp="2024-12-26T16:06:58 IST" skipped="0">
  <testcase classname="com.httpsMethods.A_04_PatchMethod" name="testMethod05" time="2.404"/>
  <system-out/>
</testsuite> <!-- com.httpsMethods.A_04_PatchMethod -->
