<?xml version="1.0" encoding="UTF-8"?>
<!-- Generated by org.testng.reporters.JUnitReportReporter -->
<testsuite hostname="Tarun_Rathore" failures="0" tests="1" name="com.httpsMethods.A_03_PutMethod" time="2.347" errors="0" timestamp="2024-12-26T16:04:27 IST" skipped="0">
  <testcase classname="com.httpsMethods.A_03_PutMethod" name="testMethod04" time="2.347"/>
  <system-out/>
</testsuite> <!-- com.httpsMethods.A_03_PutMethod -->
