<?xml version="1.0" encoding="UTF-8"?>
<!-- Generated by org.testng.reporters.JUnitReportReporter -->
<testsuite hostname="Tarun_Rathore" failures="0" tests="3" name="com.tarun03.A_01_CheckForValidResponse" time="2.991" errors="0" timestamp="2024-12-26T17:57:21 IST" skipped="2">
  <testcase classname="com.tarun03.A_01_CheckForValidResponse" name="getSingleUserUsing_BDDStyle" time="2.991"/>
  <system-out/>
  <testcase classname="com.tarun03.A_01_CheckForValidResponse" name="getSingleUserUsingValidatableResponse">
    <skipped/>
  </testcase> <!-- getSingleUserUsingValidatableResponse -->
  <system-out/>
  <testcase classname="com.tarun03.A_01_CheckForValidResponse" name="getSingleUser01">
    <skipped/>
  </testcase> <!-- getSingleUser01 -->
  <system-out/>
</testsuite> <!-- com.tarun03.A_01_CheckForValidResponse -->
