<?xml version="1.0" encoding="UTF-8"?>
<!-- Generated by org.testng.reporters.JUnitReportReporter -->
<testsuite hostname="Tarun_Rathore" failures="0" tests="1" name="com.httpsMethods.A_02_PostMethod" time="2.409" errors="0" timestamp="2024-12-26T16:00:11 IST" skipped="0">
  <testcase classname="com.httpsMethods.A_02_PostMethod" name="testMethod03" time="2.409"/>
  <system-out/>
</testsuite> <!-- com.httpsMethods.A_02_PostMethod -->
